<?xml version="1.0" encoding="UTF-8"?>
<!-- Generated by org.testng.reporters.JUnitXMLReporter -->
<testsuite hostname="INDIA-SelvaN" ignored="0" name="Test" tests="5" failures="0" timestamp="03 Dec 2019 04:13:02 GMT" time="4.126" errors="0">
  <testcase name="HomePage_Title" time="0.316" classname="com.BasicProj.Basictest.basic_test"/>
  <testcase name="Clothing_Submenu" time="0.216" classname="com.BasicProj.Basictest.basic_test"/>
  <testcase name="Navigate_Clothing" time="1.111" classname="com.BasicProj.Basictest.basic_test"/>
  <testcase name="Clothing_Title" time="0.532" classname="com.BasicProj.Basictest.basic_test"/>
  <testcase name="nav_PDP" time="1.844" classname="com.BasicProj.Basictest.basic_test"/>
</testsuite> <!-- Test -->
