<?xml version="1.0" encoding="UTF-8"?>
<testng-results skipped="0" failed="0" ignored="0" total="5" passed="5">
  <reporter-output>
  </reporter-output>
  <suite name="Suite" duration-ms="4126" started-at="2019-12-03T04:12:58Z" finished-at="2019-12-03T04:13:02Z">
    <groups>
    </groups>
    <test name="Test" duration-ms="4126" started-at="2019-12-03T04:12:58Z" finished-at="2019-12-03T04:13:02Z">
      <class name="com.BasicProj.Basictest.basic_test">
        <test-method status="PASS" signature="properties_setup()[pri:0, instance:com.BasicProj.Basictest.basic_test@66a3ffec]" name="properties_setup" is-config="true" duration-ms="29437" started-at="2019-12-03T04:12:29Z" finished-at="2019-12-03T04:12:58Z">
          <reporter-output>
          </reporter-output>
        </test-method> <!-- properties_setup -->
        <test-method status="PASS" signature="setUp()[pri:0, instance:com.BasicProj.Basictest.basic_test@66a3ffec]" name="setUp" is-config="true" duration-ms="33" started-at="2019-12-03T04:12:58Z" finished-at="2019-12-03T04:12:58Z">
          <reporter-output>
          </reporter-output>
        </test-method> <!-- setUp -->
        <test-method status="PASS" signature="HomePage_Title()[pri:1, instance:com.BasicProj.Basictest.basic_test@66a3ffec]" name="HomePage_Title" duration-ms="316" started-at="2019-12-03T04:12:58Z" finished-at="2019-12-03T04:12:58Z">
          <reporter-output>
          </reporter-output>
        </test-method> <!-- HomePage_Title -->
        <test-method status="PASS" signature="setUp()[pri:0, instance:com.BasicProj.Basictest.basic_test@66a3ffec]" name="setUp" is-config="true" duration-ms="0" started-at="2019-12-03T04:12:58Z" finished-at="2019-12-03T04:12:58Z">
          <reporter-output>
          </reporter-output>
        </test-method> <!-- setUp -->
        <test-method status="PASS" signature="Clothing_Submenu()[pri:2, instance:com.BasicProj.Basictest.basic_test@66a3ffec]" name="Clothing_Submenu" duration-ms="216" started-at="2019-12-03T04:12:58Z" finished-at="2019-12-03T04:12:59Z">
          <reporter-output>
          </reporter-output>
        </test-method> <!-- Clothing_Submenu -->
        <test-method status="PASS" signature="setUp()[pri:0, instance:com.BasicProj.Basictest.basic_test@66a3ffec]" name="setUp" is-config="true" duration-ms="1" started-at="2019-12-03T04:12:59Z" finished-at="2019-12-03T04:12:59Z">
          <reporter-output>
          </reporter-output>
        </test-method> <!-- setUp -->
        <test-method status="PASS" signature="Navigate_Clothing()[pri:3, instance:com.BasicProj.Basictest.basic_test@66a3ffec]" name="Navigate_Clothing" duration-ms="1111" started-at="2019-12-03T04:12:59Z" finished-at="2019-12-03T04:13:00Z">
          <reporter-output>
          </reporter-output>
        </test-method> <!-- Navigate_Clothing -->
        <test-method status="PASS" signature="setUp()[pri:0, instance:com.BasicProj.Basictest.basic_test@66a3ffec]" name="setUp" is-config="true" duration-ms="1" started-at="2019-12-03T04:13:00Z" finished-at="2019-12-03T04:13:00Z">
          <reporter-output>
          </reporter-output>
        </test-method> <!-- setUp -->
        <test-method status="PASS" signature="Clothing_Title()[pri:4, instance:com.BasicProj.Basictest.basic_test@66a3ffec]" name="Clothing_Title" duration-ms="532" started-at="2019-12-03T04:13:00Z" finished-at="2019-12-03T04:13:00Z">
          <reporter-output>
          </reporter-output>
        </test-method> <!-- Clothing_Title -->
        <test-method status="PASS" signature="nav_PDP()[pri:5, instance:com.BasicProj.Basictest.basic_test@66a3ffec]" name="nav_PDP" duration-ms="1844" started-at="2019-12-03T04:13:00Z" finished-at="2019-12-03T04:13:02Z">
          <reporter-output>
          </reporter-output>
        </test-method> <!-- nav_PDP -->
        <test-method status="PASS" signature="setUp()[pri:0, instance:com.BasicProj.Basictest.basic_test@66a3ffec]" name="setUp" is-config="true" duration-ms="0" started-at="2019-12-03T04:13:00Z" finished-at="2019-12-03T04:13:00Z">
          <reporter-output>
          </reporter-output>
        </test-method> <!-- setUp -->
      </class> <!-- com.BasicProj.Basictest.basic_test -->
    </test> <!-- Test -->
  </suite> <!-- Suite -->
</testng-results>
