<?xml version="1.0" encoding="UTF-8"?>
<!-- Generated by org.testng.reporters.JUnitXMLReporter -->
<testsuite hostname="INDIA-SelvaN" ignored="0" name="Default test" tests="5" failures="0" timestamp="02 Dec 2019 08:42:33 GMT" time="9.352" errors="0">
  <testcase name="HomePage_Title" time="0.014" classname="com.BasicProj.Basictest.basic_test"/>
  <testcase name="Clothing_Submenu" time="0.238" classname="com.BasicProj.Basictest.basic_test"/>
  <testcase name="Navigate_Clothing" time="4.591" classname="com.BasicProj.Basictest.basic_test"/>
  <testcase name="Clothing_Title" time="0.443" classname="com.BasicProj.Basictest.basic_test"/>
  <testcase name="nav_PDP" time="3.942" classname="com.BasicProj.Basictest.basic_test"/>
</testsuite> <!-- Default test -->
